<?xml version="1.0" encoding="UTF-8"?>
<testsuite xmlns:xsi="http://www.w3.org/2001/XMLSchema-instance" xsi:noNamespaceSchemaLocation="https://maven.apache.org/surefire/maven-surefire-plugin/xsd/surefire-test-report-3.0.xsd" version="3.0" name="com.dboaz.RunAcceptanceTest" time="2.704" tests="1" errors="0" skipped="0" failures="0">
  <properties>
[...]
</properties>
  <testcase name="First Scenario" classname="Example Feature" time="0.075">
    <system-out><![CDATA[
@Example
Scenario: First Scenario      &amp#27;[90m# features/example.feature:4&amp#27;[0m
  &amp#27;[32mGiven &amp#27;[0m&amp#27;[32mI have a step&amp#27;[0m         &amp#27;[90m# com.dboaz.steps.ExampleStep.i_have_a_step()&amp#27;[0m
  &amp#27;[32mWhen &amp#27;[0m&amp#27;[32mI do something&amp#27;[0m         &amp#27;[90m# com.dboaz.steps.ExampleStep.i_do_something()&amp#27;[0m
  &amp#27;[32mThen &amp#27;[0m&amp#27;[32mI should see something&amp#27;[0m &amp#27;[90m# com.dboaz.steps.ExampleStep.i_should_see_something()&amp#27;[0m
]]></system-out>
  </testcase>
</testsuite>